{"name": "test_e2e", "status": "broken", "statusDetails": {"message": "selenium.common.exceptions.TimeoutException: Message:", "trace": "self = <Tests.test_checking.TestOne object at 0x04453898>\n\n    def test_e2e(self):\n        driver = webdriver.Chrome(executable_path=\"D:\\\\Programming\\\\Gadgetmag\\\\Sourse\\\\chromedriver.exe\")\n        driver.get(\"https://www.gadgetmag.su/\")\n        driver.maximize_window()\n        print(\"================================\")\n    \n        # MAIN_BANNER_LOCATOR = (By.XPATH, \"//div[@id='page']/section/div[@class='main-slider-banner lapping']\")\n>       main_banner = WebDriverWait(driver, 20).until(\n            expected_conditions.visibility_of_element_located((By.XPATH, \"//div[@id='page']/section/div[@class='main-slider-banner lapping']\")))\n\ntest_checking.py:20: \n_ _ _ _ _ _ _ _ _ _ _ _ _ _ _ _ _ _ _ _ _ _ _ _ _ _ _ _ _ _ _ _ _ _ _ _ _ _ _ _ _ _ _ _ _ _ _ _ _ _ _ _ _ _ _ _ _ _ _ _\n\nself = <selenium.webdriver.support.wait.WebDriverWait (session=\"df6a9c354ccb362481aaad0e444da218\")>\nmethod = <selenium.webdriver.support.expected_conditions.visibility_of_element_located object at 0x0448D2B0>\nmessage = ''\n\n    def until(self, method, message=''):\n        \"\"\"Calls the method provided with the driver as an argument until the \\\n        return value is not False.\"\"\"\n        screen = None\n        stacktrace = None\n    \n        end_time = time.time() + self._timeout\n        while True:\n            try:\n                value = method(self._driver)\n                if value:\n                    return value\n            except self._ignored_exceptions as exc:\n                screen = getattr(exc, 'screen', None)\n                stacktrace = getattr(exc, 'stacktrace', None)\n            time.sleep(self._poll)\n            if time.time() > end_time:\n                break\n>       raise TimeoutException(message, screen, stacktrace)\nE       selenium.common.exceptions.TimeoutException: Message:\n\n..\\..\\python 3.8.3\\lib\\site-packages\\selenium\\webdriver\\support\\wait.py:80: TimeoutException"}, "attachments": [{"name": "stdout", "source": "0bddb8cc-9183-47a3-8f6d-72d3b3cb32ae-attachment.txt", "type": "text/plain"}], "start": 1594273476440, "stop": 1594273502699, "uuid": "b26e5a0b-03ab-4128-8e51-2b3c9d74c997", "historyId": "2c679894aa0d32dc8664795cc871e26f", "testCaseId": "cbe0d1e8ed2c613f1b8389fbd765199a", "fullName": "Tests.test_checking.TestOne#test_e2e", "labels": [{"name": "parentSuite", "value": "Tests"}, {"name": "suite", "value": "test_checking"}, {"name": "subSuite", "value": "TestOne"}, {"name": "host", "value": "DESKTOP-D7ETIFJ"}, {"name": "thread", "value": "5544-MainThread"}, {"name": "framework", "value": "pytest"}, {"name": "language", "value": "cpython3"}, {"name": "package", "value": "Tests.test_checking"}]}